#
# There is insufficient memory for the Java Runtime Environment to continue.
# Native memory allocation (malloc) failed to allocate 1048576 bytes for AllocateHeap
# Possible reasons:
#   The system is out of physical RAM or swap space
#   The process is running with CompressedOops enabled, and the Java Heap may be blocking the growth of the native heap
# Possible solutions:
#   Reduce memory load on the system
#   Increase physical memory or swap space
#   Check if swap backing store is full
#   Decrease Java heap size (-Xmx/-Xms)
#   Decrease number of Java threads
#   Decrease Java thread stack sizes (-Xss)
#   Set larger code cache with -XX:ReservedCodeCacheSize=
#   JVM is running with Unscaled Compressed Oops mode in which the Java heap is
#     placed in the first 4GB address space. The Java Heap base address is the
#     maximum limit for the native heap growth. Please use -XX:HeapBaseMinAddress
#     to set the Java Heap base and to place the Java Heap above 4GB virtual address.
# This output file may be truncated or incomplete.
#
#  Out of Memory Error (allocation.cpp:44), pid=9512, tid=9708
#
# JRE version:  (16.0.1+9) (build )
# Java VM: Java HotSpot(TM) 64-Bit Server VM (16.0.1+9-24, mixed mode, sharing, tiered, compressed oops, compressed class ptrs, g1 gc, windows-amd64)
# No core dump will be written. Minidumps are not enabled by default on client versions of Windows
#

---------------  S U M M A R Y ------------

Command Line: -Dfile.encoding=Cp1252 --module-path=C:\Users\1920478300044\Desktop\Ex_aula4\Aula04_projeto\bin -Djdk.module.main=aula04_projeto aula04_projeto/pacote.Main

Host: Intel(R) Core(TM) i5-4460  CPU @ 3.20GHz, 4 cores, 7G,  Windows 10 , 64 bit Build 19041 (10.0.19041.1706)
Time: Mon Sep 12 19:31:10 2022 Hora oficial do Brasil elapsed time: 0.021271 seconds (0d 0h 0m 0s)

---------------  T H R E A D  ---------------

Current thread (0x00000225145c9fb0):  JavaThread "Unknown thread" [_thread_in_vm, id=9708, stack(0x000000702ed00000,0x000000702ee00000)]

Stack: [0x000000702ed00000,0x000000702ee00000]
Native frames: (J=compiled Java code, j=interpreted, Vv=VM code, C=native code)
V  [jvm.dll+0x6687ca]
V  [jvm.dll+0x7ca3c9]
V  [jvm.dll+0x7cbb53]
V  [jvm.dll+0x7cc1b3]
V  [jvm.dll+0x242ea5]
V  [jvm.dll+0xa8742]
V  [jvm.dll+0x2ce944]
V  [jvm.dll+0x79cc7c]
V  [jvm.dll+0x360de1]
V  [jvm.dll+0x77a990]
V  [jvm.dll+0x3e55af]
V  [jvm.dll+0x3e7081]
C  [jli.dll+0x52fb]
C  [ucrtbase.dll+0x21bb2]
C  [KERNEL32.DLL+0x17034]
C  [ntdll.dll+0x52651]


---------------  P R O C E S S  ---------------

Threads class SMR info:
_java_thread_list=0x00007ff86b0bcbb8, length=0, elements={
}

Java Threads: ( => current thread )

Other Threads:

=>0x00000225145c9fb0 (exited) JavaThread "Unknown thread" [_thread_in_vm, id=9708, stack(0x000000702ed00000,0x000000702ee00000)]

Threads with active compile tasks:

VM state: not at safepoint (not fully initialized)

VM Mutex/Monitor currently owned by a thread: None

Heap address: 0x0000000000000000, size: 0 MB, Compressed Oops mode: 32-bit

CDS archive(s) mapped at: [0x0000000000000000-0x0000000000000000-0x0000000000000000), size 0, SharedBaseAddress: 0x0000000800000000, ArchiveRelocationMode: 0.
Narrow klass base: 0x0000000000000000, Narrow klass shift: 0, Narrow klass range: 0x0

GC Precious Log:
<Empty>

GC Heap History (0 events):
No events

Deoptimization events (0 events):
No events

Classes unloaded (0 events):
No events

Classes redefined (0 events):
No events

Internal exceptions (0 events):
No events

Events (1 events):
Event: 0.007 Loaded shared library C:\Program Files\Java\jdk-16.0.1\bin\java.dll


Dynamic libraries:
0x00007ff6814b0000 - 0x00007ff6814c0000 	C:\Program Files\Java\jdk-16.0.1\bin\javaw.exe
0x00007ff8c2e70000 - 0x00007ff8c3065000 	C:\WINDOWS\SYSTEM32\ntdll.dll
0x00007ff8c1ea0000 - 0x00007ff8c1f5d000 	C:\WINDOWS\System32\KERNEL32.DLL
0x00007ff8c0a00000 - 0x00007ff8c0ccd000 	C:\WINDOWS\System32\KERNELBASE.dll
0x00007ff8bdc30000 - 0x00007ff8bdcc0000 	C:\WINDOWS\SYSTEM32\apphelp.dll
0x00007ff8c0cd0000 - 0x00007ff8c0dd0000 	C:\WINDOWS\System32\ucrtbase.dll
0x00007ff8a51f0000 - 0x00007ff8a5209000 	C:\Program Files\Java\jdk-16.0.1\bin\VCRUNTIME140.dll
0x00007ff8a9c10000 - 0x00007ff8a9c28000 	C:\Program Files\Java\jdk-16.0.1\bin\jli.dll
0x00007ff8c1430000 - 0x00007ff8c14de000 	C:\WINDOWS\System32\ADVAPI32.dll
0x00007ff8c1570000 - 0x00007ff8c160e000 	C:\WINDOWS\System32\msvcrt.dll
0x00007ff8c2be0000 - 0x00007ff8c2c7c000 	C:\WINDOWS\System32\sechost.dll
0x00007ff8c1c20000 - 0x00007ff8c1d45000 	C:\WINDOWS\System32\RPCRT4.dll
0x00007ff8c1830000 - 0x00007ff8c19d0000 	C:\WINDOWS\System32\USER32.dll
0x00007ff8c09d0000 - 0x00007ff8c09f2000 	C:\WINDOWS\System32\win32u.dll
0x00007ff8b3480000 - 0x00007ff8b371a000 	C:\WINDOWS\WinSxS\amd64_microsoft.windows.common-controls_6595b64144ccf1df_6.0.19041.1110_none_60b5254171f9507e\COMCTL32.dll
0x00007ff8c26b0000 - 0x00007ff8c26da000 	C:\WINDOWS\System32\GDI32.dll
0x00007ff8c0770000 - 0x00007ff8c087b000 	C:\WINDOWS\System32\gdi32full.dll
0x00007ff8c0e60000 - 0x00007ff8c0efd000 	C:\WINDOWS\System32\msvcp_win.dll
0x00007ff8b59a0000 - 0x00007ff8b59aa000 	C:\WINDOWS\SYSTEM32\VERSION.dll
0x00007ff8c1540000 - 0x00007ff8c1570000 	C:\WINDOWS\System32\IMM32.DLL
0x00007ff8bc240000 - 0x00007ff8bc24c000 	C:\Program Files\Java\jdk-16.0.1\bin\vcruntime140_1.dll
0x00007ff8a4e80000 - 0x00007ff8a4f11000 	C:\Program Files\Java\jdk-16.0.1\bin\msvcp140.dll
0x00007ff86a5b0000 - 0x00007ff86b15b000 	C:\Program Files\Java\jdk-16.0.1\bin\server\jvm.dll
0x00007ff8c1740000 - 0x00007ff8c1748000 	C:\WINDOWS\System32\PSAPI.DLL
0x00007ff8bc210000 - 0x00007ff8bc219000 	C:\WINDOWS\SYSTEM32\WSOCK32.dll
0x00007ff8c19d0000 - 0x00007ff8c1a3b000 	C:\WINDOWS\System32\WS2_32.dll
0x00007ff8b5530000 - 0x00007ff8b5557000 	C:\WINDOWS\SYSTEM32\WINMM.dll
0x00007ff8be520000 - 0x00007ff8be532000 	C:\WINDOWS\SYSTEM32\kernel.appcore.dll
0x00007ff8a9fc0000 - 0x00007ff8a9fca000 	C:\Program Files\Java\jdk-16.0.1\bin\jimage.dll
0x00007ff8b27a0000 - 0x00007ff8b2984000 	C:\WINDOWS\SYSTEM32\DBGHELP.DLL
0x00007ff8b2770000 - 0x00007ff8b279c000 	C:\WINDOWS\SYSTEM32\dbgcore.DLL
0x00007ff8c0dd0000 - 0x00007ff8c0e52000 	C:\WINDOWS\System32\bcryptPrimitives.dll
0x00007ff8a51c0000 - 0x00007ff8a51e5000 	C:\Program Files\Java\jdk-16.0.1\bin\java.dll

dbghelp: loaded successfully - version: 4.0.5 - missing functions: none
symbol engine: initialized successfully - sym options: 0x614 - pdb path: .;C:\Program Files\Java\jdk-16.0.1\bin;C:\WINDOWS\SYSTEM32;C:\WINDOWS\WinSxS\amd64_microsoft.windows.common-controls_6595b64144ccf1df_6.0.19041.1110_none_60b5254171f9507e;C:\Program Files\Java\jdk-16.0.1\bin\server

VM Arguments:
jvm_args: -Dfile.encoding=Cp1252 --module-path=C:\Users\1920478300044\Desktop\Ex_aula4\Aula04_projeto\bin -Djdk.module.main=aula04_projeto 
java_command: aula04_projeto/pacote.Main
java_class_path (initial): <not set>
Launcher Type: SUN_STANDARD

[Global flags]
     intx CICompilerCount                          = 3                                         {product} {ergonomic}
     uint ConcGCThreads                            = 1                                         {product} {ergonomic}
     uint G1ConcRefinementThreads                  = 4                                         {product} {ergonomic}
   size_t G1HeapRegionSize                         = 1048576                                   {product} {ergonomic}
    uintx GCDrainStackTargetSize                   = 64                                        {product} {ergonomic}
   size_t InitialHeapSize                          = 125829120                                 {product} {ergonomic}
   size_t MarkStackSize                            = 4194304                                   {product} {ergonomic}
   size_t MaxHeapSize                              = 2000683008                                {product} {ergonomic}
   size_t MinHeapDeltaBytes                        = 1048576                                   {product} {ergonomic}
   size_t MinHeapSize                              = 8388608                                   {product} {ergonomic}
    uintx NonNMethodCodeHeapSize                   = 5832780                                {pd product} {ergonomic}
    uintx NonProfiledCodeHeapSize                  = 122912730                              {pd product} {ergonomic}
    uintx ProfiledCodeHeapSize                     = 122912730                              {pd product} {ergonomic}
    uintx ReservedCodeCacheSize                    = 251658240                              {pd product} {ergonomic}
     bool SegmentedCodeCache                       = true                                      {product} {ergonomic}
   size_t SoftMaxHeapSize                          = 2000683008                             {manageable} {ergonomic}
     bool UseCompressedClassPointers               = true                           {product lp64_product} {ergonomic}
     bool UseCompressedOops                        = true                           {product lp64_product} {ergonomic}
     bool UseG1GC                                  = true                                      {product} {ergonomic}
     bool UseLargePagesIndividualAllocation        = false                                  {pd product} {ergonomic}

Logging:
Log output configuration:
 #0: stdout all=warning uptime,level,tags
 #1: stderr all=off uptime,level,tags

Environment Variables:
PATH=C:\Program Files\Common Files\Oracle\Java\javapath;C:\ProgramData\Oracle\Java\javapath;C:\Program Files (x86)\Common Files\Oracle\Java\javapath;C:\WINDOWS\system32;C:\WINDOWS;C:\WINDOWS\System32\Wbem;C:\WINDOWS\System32\WindowsPowerShell\v1.0\;C:\Program Files\Microsoft VS Code\bin;C:\Program Files\MATLAB\MATLAB Production Server\R2015a\runtime\win64;C:\Program Files\MATLAB\MATLAB Production Server\R2015a\bin;C:\Program Files\MATLAB\MATLAB Production Server\R2015a\polyspace\bin;C:\PostgreSQL\pg10\bin;C:\Program Files\Microsoft SQL Server\130\Tools\Binn\;c:\Program Files (x86)\Microsoft SQL Server\100\Tools\Binn\;c:\Program Files\Microsoft SQL Server\100\Tools\Binn\;c:\Program Files\Microsoft SQL Server\100\DTS\Binn\;C:\Program Files\MiKTeX 2.9\miktex\bin\x64\;C:\WINDOWS\System32\OpenSSH\;C:\Program Files\Git\cmd;C:\Program Files\nodejs\;C:\ProgramData\chocolatey\bin;C:\Program Files (x86)\Yarn\bin\;C:\Program Files (x86)\Microsoft SQL Server\150\DTS\Binn\;C:\Program Files\Azure Data Studio\bin;C:\wamp64\bin\php\php5.6.35;C:\ProgramData\ComposerSetup\bin;C:\Users\1920478300044\AppData\Local\Microsoft\WindowsApps;
USERNAME=1920478300044
OS=Windows_NT
PROCESSOR_IDENTIFIER=Intel64 Family 6 Model 60 Stepping 3, GenuineIntel



---------------  S Y S T E M  ---------------

OS:
 Windows 10 , 64 bit Build 19041 (10.0.19041.1706)
OS uptime: 0 days 0:56 hours

CPU: total 4 (initial active 4) (4 cores per cpu, 1 threads per core) family 6 model 60 stepping 3 microcode 0x27, cx8, cmov, fxsr, mmx, sse, sse2, sse3, ssse3, sse4.1, sse4.2, popcnt, lzcnt, tsc, tscinvbit, avx, avx2, aes, erms, clmul, bmi1, bmi2, fma, vzeroupper, clflush

Memory: 4k page, system-wide physical 7631M (1121M free)
TotalPageFile size 7631M (AvailPageFile size 5M)
current process WorkingSet (physical memory assigned to process): 10M, peak: 10M
current process commit charge ("private bytes"): 12M, peak: 13M

vm_info: Java HotSpot(TM) 64-Bit Server VM (16.0.1+9-24) for windows-amd64 JRE (16.0.1+9-24), built on Mar 26 2021 19:31:42 by "mach5one" with MS VC++ 16.7 (VS2019)

END.
